<?xml version="1.0" encoding="UTF-8"?>
<!-- Generated by org.testng.reporters.JUnitXMLReporter -->
<testsuite ignored="0" hostname="DESKTOP-QIUO6FV" failures="0" tests="3" name="Default test" time="11.131" errors="0" timestamp="2021-08-18T15:47:16 IST">
  <testcase classname="testbase.BaseTest" name="@BeforeTest beforeTest" time="10.46">
    <failure type="org.openqa.selenium.WebDriverException" message="unknown error: cannot find Chrome binary
Build info: version: &amp;apos;4.0.0-alpha-7&amp;apos;, revision: &amp;apos;de8579b6d5&amp;apos;
System info: host: &amp;apos;DESKTOP-QIUO6FV&amp;apos;, ip: &amp;apos;192.168.56.1&amp;apos;, os.name: &amp;apos;Windows 10&amp;apos;, os.arch: &amp;apos;amd64&amp;apos;, os.version: &amp;apos;10.0&amp;apos;, java.version: &amp;apos;15.0.2&amp;apos;
Driver info: driver.version: ChromeDriver
remote stacktrace: Backtrace:
	Ordinal0 [0x00C1C013+2474003]
	Ordinal0 [0x00BB29C1+2042305]
	Ordinal0 [0x00AC2F68+1060712]
	Ordinal0 [0x00ADC626+1164838]
	Ordinal0 [0x00ADAA83+1157763]
	Ordinal0 [0x00B0A2A2+1352354]
	Ordinal0 [0x00B08FAA+1347498]
	Ordinal0 [0x00B066DB+1337051]
	Ordinal0 [0x00AE3427+1192999]
	Ordinal0 [0x00AE42EE+1196782]
	Ordinal0 [0x00AE4279+1196665]
	GetHandleVerifier [0x00DA96FC+1590332]
	GetHandleVerifier [0x00E58614+2306900]
	GetHandleVerifier [0x00CA9E93+543699]
	GetHandleVerifier [0x00CA92CE+540686]
	Ordinal0 [0x00BB86BA+2066106]
	Ordinal0 [0x00BBD1C8+2085320]
	Ordinal0 [0x00BBD308+2085640]
	Ordinal0 [0x00BC67F3+2123763]
	BaseThreadInitThunk [0x76D2FA29+25]
	RtlGetAppContainerNamedObjectPath [0x77717A7E+286]
	RtlGetAppContainerNamedObjectPath [0x77717A4E+238]
">
      <![CDATA[org.openqa.selenium.WebDriverException: unknown error: cannot find Chrome binary
Build info: version: '4.0.0-alpha-7', revision: 'de8579b6d5'
System info: host: 'DESKTOP-QIUO6FV', ip: '192.168.56.1', os.name: 'Windows 10', os.arch: 'amd64', os.version: '10.0', java.version: '15.0.2'
Driver info: driver.version: ChromeDriver
remote stacktrace: Backtrace:
Ordinal0 [0x00C1C013+2474003]
Ordinal0 [0x00BB29C1+2042305]
Ordinal0 [0x00AC2F68+1060712]
Ordinal0 [0x00ADC626+1164838]
Ordinal0 [0x00ADAA83+1157763]
Ordinal0 [0x00B0A2A2+1352354]
Ordinal0 [0x00B08FAA+1347498]
Ordinal0 [0x00B066DB+1337051]
Ordinal0 [0x00AE3427+1192999]
Ordinal0 [0x00AE42EE+1196782]
Ordinal0 [0x00AE4279+1196665]
GetHandleVerifier [0x00DA96FC+1590332]
GetHandleVerifier [0x00E58614+2306900]
GetHandleVerifier [0x00CA9E93+543699]
GetHandleVerifier [0x00CA92CE+540686]
Ordinal0 [0x00BB86BA+2066106]
Ordinal0 [0x00BBD1C8+2085320]
Ordinal0 [0x00BBD308+2085640]
Ordinal0 [0x00BC67F3+2123763]
BaseThreadInitThunk [0x76D2FA29+25]
RtlGetAppContainerNamedObjectPath [0x77717A7E+286]
RtlGetAppContainerNamedObjectPath [0x77717A4E+238]

at java.base/jdk.internal.reflect.NativeConstructorAccessorImpl.newInstance0(Native Method)
at java.base/jdk.internal.reflect.NativeConstructorAccessorImpl.newInstance(NativeConstructorAccessorImpl.java:64)
at java.base/jdk.internal.reflect.DelegatingConstructorAccessorImpl.newInstance(DelegatingConstructorAccessorImpl.java:45)
at java.base/java.lang.reflect.Constructor.newInstanceWithCaller(Constructor.java:500)
at java.base/java.lang.reflect.Constructor.newInstance(Constructor.java:481)
at org.openqa.selenium.remote.W3CHandshakeResponse.lambda$errorHandler$0(W3CHandshakeResponse.java:62)
at org.openqa.selenium.remote.HandshakeResponse.lambda$getResponseFunction$0(HandshakeResponse.java:30)
at org.openqa.selenium.remote.ProtocolHandshake.lambda$createSession$1(ProtocolHandshake.java:126)
at java.base/java.util.stream.ReferencePipeline$3$1.accept(ReferencePipeline.java:195)
at java.base/java.util.Spliterators$ArraySpliterator.tryAdvance(Spliterators.java:958)
at java.base/java.util.stream.ReferencePipeline.forEachWithCancel(ReferencePipeline.java:127)
at java.base/java.util.stream.AbstractPipeline.copyIntoWithCancel(AbstractPipeline.java:502)
at java.base/java.util.stream.AbstractPipeline.copyInto(AbstractPipeline.java:488)
at java.base/java.util.stream.AbstractPipeline.wrapAndCopyInto(AbstractPipeline.java:474)
at java.base/java.util.stream.FindOps$FindOp.evaluateSequential(FindOps.java:150)
at java.base/java.util.stream.AbstractPipeline.evaluate(AbstractPipeline.java:234)
at java.base/java.util.stream.ReferencePipeline.findFirst(ReferencePipeline.java:543)
at org.openqa.selenium.remote.ProtocolHandshake.createSession(ProtocolHandshake.java:128)
at org.openqa.selenium.remote.ProtocolHandshake.createSession(ProtocolHandshake.java:75)
at org.openqa.selenium.remote.HttpCommandExecutor.execute(HttpCommandExecutor.java:139)
at org.openqa.selenium.remote.service.DriverCommandExecutor.execute(DriverCommandExecutor.java:123)
at org.openqa.selenium.remote.RemoteWebDriver.execute(RemoteWebDriver.java:501)
at org.openqa.selenium.remote.RemoteWebDriver.startSession(RemoteWebDriver.java:207)
at org.openqa.selenium.remote.RemoteWebDriver.<init>(RemoteWebDriver.java:127)
at org.openqa.selenium.chromium.ChromiumDriver.<init>(ChromiumDriver.java:93)
at org.openqa.selenium.chrome.ChromeDriver.<init>(ChromeDriver.java:163)
at org.openqa.selenium.chrome.ChromeDriver.<init>(ChromeDriver.java:150)
at org.openqa.selenium.chrome.ChromeDriver.<init>(ChromeDriver.java:105)
at keywords.GenericKeywords.openBrowser(GenericKeywords.java:48)
at testbase.BaseTest.beforeTest(BaseTest.java:41)
at java.base/jdk.internal.reflect.NativeMethodAccessorImpl.invoke0(Native Method)
at java.base/jdk.internal.reflect.NativeMethodAccessorImpl.invoke(NativeMethodAccessorImpl.java:64)
at java.base/jdk.internal.reflect.DelegatingMethodAccessorImpl.invoke(DelegatingMethodAccessorImpl.java:43)
at java.base/java.lang.reflect.Method.invoke(Method.java:564)
at org.testng.internal.MethodInvocationHelper.invokeMethod(MethodInvocationHelper.java:133)
at org.testng.internal.MethodInvocationHelper.invokeMethodConsideringTimeout(MethodInvocationHelper.java:62)
at org.testng.internal.ConfigInvoker.invokeConfigurationMethod(ConfigInvoker.java:340)
at org.testng.internal.ConfigInvoker.invokeConfigurations(ConfigInvoker.java:294)
at org.testng.TestRunner.invokeTestConfigurations(TestRunner.java:623)
at org.testng.TestRunner.beforeRun(TestRunner.java:613)
at org.testng.TestRunner.run(TestRunner.java:584)
at org.testng.SuiteRunner.runTest(SuiteRunner.java:402)
at org.testng.SuiteRunner.runSequentially(SuiteRunner.java:396)
at org.testng.SuiteRunner.privateRun(SuiteRunner.java:355)
at org.testng.SuiteRunner.run(SuiteRunner.java:304)
at org.testng.SuiteRunnerWorker.runSuite(SuiteRunnerWorker.java:53)
at org.testng.SuiteRunnerWorker.run(SuiteRunnerWorker.java:96)
at org.testng.TestNG.runSuitesSequentially(TestNG.java:1180)
at org.testng.TestNG.runSuitesLocally(TestNG.java:1102)
at org.testng.TestNG.runSuites(TestNG.java:1032)
at org.testng.TestNG.run(TestNG.java:1000)
at org.testng.remote.AbstractRemoteTestNG.run(AbstractRemoteTestNG.java:115)
at org.testng.remote.RemoteTestNG.initAndRun(RemoteTestNG.java:251)
at org.testng.remote.RemoteTestNG.main(RemoteTestNG.java:77)
]]>
    </failure>
  </testcase> <!-- @BeforeTest beforeTest -->
  <testcase classname="testcases.rediff.PortfolioManagement" name="createPortfolio" time="0.0">
    <skipped/>
  </testcase> <!-- createPortfolio -->
  <testcase classname="testcases.rediff.PortfolioManagement" name="deletePortfolio" time="0.0">
    <skipped/>
  </testcase> <!-- deletePortfolio -->
  <testcase classname="testcases.rediff.PortfolioManagement" name="selectPortFolio" time="0.0">
    <skipped/>
  </testcase> <!-- selectPortFolio -->
</testsuite> <!-- Default test -->
