<?xml version="1.0" encoding="UTF-8"?>
<!-- Generated by org.testng.reporters.JUnitXMLReporter -->
<testsuite ignored="6" hostname="DESKTOP-QIUO6FV" failures="2" tests="5" name="Modify Stock Test - Add Stock" time="64.715" errors="0" timestamp="2021-08-17T21:04:29 IST">
  <testcase classname="testbase.BaseTest" name="@BeforeMethod beforeMethod" time="0.001">
    <skipped/>
  </testcase> <!-- @BeforeMethod beforeMethod -->
  <testcase classname="testbase.BaseTest" name="@BeforeMethod beforeMethod" time="0.0">
    <skipped/>
  </testcase> <!-- @BeforeMethod beforeMethod -->
  <testcase classname="testbase.BaseTest" name="@BeforeMethod beforeMethod" time="0.001">
    <skipped/>
  </testcase> <!-- @BeforeMethod beforeMethod -->
  <testcase classname="testcases.rediff.PortfolioManagement" name="selectPortFolio" time="20.198">
    <failure type="org.openqa.selenium.NoSuchElementException" message="Cannot locate option with text: Cat
For documentation on this error, please visit: https://selenium.dev/exceptions/#no_such_element
Build info: version: &amp;apos;4.0.0-alpha-7&amp;apos;, revision: &amp;apos;de8579b6d5&amp;apos;
System info: host: &amp;apos;DESKTOP-QIUO6FV&amp;apos;, ip: &amp;apos;192.168.56.1&amp;apos;, os.name: &amp;apos;Windows 10&amp;apos;, os.arch: &amp;apos;amd64&amp;apos;, os.version: &amp;apos;10.0&amp;apos;, java.version: &amp;apos;15.0.2&amp;apos;
Driver info: driver.version: unknown">
      <![CDATA[org.openqa.selenium.NoSuchElementException: Cannot locate option with text: Cat
For documentation on this error, please visit: https://selenium.dev/exceptions/#no_such_element
Build info: version: '4.0.0-alpha-7', revision: 'de8579b6d5'
System info: host: 'DESKTOP-QIUO6FV', ip: '192.168.56.1', os.name: 'Windows 10', os.arch: 'amd64', os.version: '10.0', java.version: '15.0.2'
Driver info: driver.version: unknown
at org.openqa.selenium.support.ui.Select.selectByVisibleText(Select.java:151)
at keywords.GenericKeywords.selectByVisibleText(GenericKeywords.java:84)
at testcases.rediff.PortfolioManagement.selectPortFolio(PortfolioManagement.java:44)
at java.base/java.util.ArrayList.forEach(ArrayList.java:1511)
... Removed 27 stack frames]]>
    </failure>
  </testcase> <!-- selectPortFolio -->
  <testcase classname="testcases.rediff.StockManagement" name="verifyStockPresent" time="0.759">
    <failure type="java.lang.AssertionError" message="The following asserts failed:
	Stock Not present Birla Corporation Ltd">
      <![CDATA[java.lang.AssertionError: The following asserts failed:
Stock Not present Birla Corporation Ltd
at keywords.GenericKeywords.assertAll(GenericKeywords.java:166)
at keywords.GenericKeywords.reportFailure(GenericKeywords.java:162)
at testcases.rediff.StockManagement.verifyStockPresent(StockManagement.java:76)
at java.base/java.util.ArrayList.forEach(ArrayList.java:1511)
... Removed 29 stack frames]]>
    </failure>
  </testcase> <!-- verifyStockPresent -->
  <testcase classname="testcases.rediff.StockManagement" name="modifyStock" time="0.0">
    <skipped/>
  </testcase> <!-- modifyStock -->
  <testcase classname="testcases.rediff.StockManagement" name="verifyStockQuantity" time="0.0">
    <skipped/>
  </testcase> <!-- verifyStockQuantity -->
  <testcase classname="testcases.rediff.StockManagement" name="verifyTransactionHistory" time="0.0">
    <skipped/>
  </testcase> <!-- verifyTransactionHistory -->
  <testcase classname="testbase.BaseTest" name="@BeforeTest beforeTest" time="0.0">
    <ignored/>
  </testcase> <!-- @BeforeTest beforeTest -->
  <testcase classname="testcases.rediff.PortfolioManagement" name="deletePortfolio" time="0.0">
    <ignored/>
  </testcase> <!-- deletePortfolio -->
  <testcase classname="testcases.rediff.StockManagement" name="verifyStockAvgBuyPrice" time="0.0">
    <ignored/>
  </testcase> <!-- verifyStockAvgBuyPrice -->
  <testcase classname="testbase.BaseTest" name="@AfterTest quit" time="0.0">
    <ignored/>
  </testcase> <!-- @AfterTest quit -->
  <testcase classname="testcases.rediff.PortfolioManagement" name="createPortfolio" time="0.0">
    <ignored/>
  </testcase> <!-- createPortfolio -->
  <testcase classname="testcases.rediff.StockManagement" name="addNewStock" time="0.0">
    <ignored/>
  </testcase> <!-- addNewStock -->
</testsuite> <!-- Modify Stock Test - Add Stock -->
